[2024-09-28T13:51:13+02:00 Cleaner]: Copying input file data/smhi-opendata_1_52230_20210906_212532.csv to original_smhi-opendata_1_52230_20210906_212532.csv
[2024-09-28T13:51:23+02:00 Cleaner]: Copying input file /data/smhi-opendata_1_52230_20210906_212532.csv to original_smhi-opendata_1_52230_20210906_212532.csv
[2024-09-28T13:51:30+02:00 Cleaner]: Copying input file ../data/smhi-opendata_1_52230_20210906_212532.csv to original_smhi-opendata_1_52230_20210906_212532.csv
[2024-09-28T13:53:18+02:00 Cleaner]: Copying input file ~/git/MNXB11-BASH/casestudy/data/smhi-opendata_1_52230_20210906_212532.csv to original_smhi-opendata_1_52230_20210906_212532.csv
[2024-09-28T13:54:13+02:00 Cleaner]: Copying input file ~/git/MNXB11-BASH/casestudy/data/smhi-opendata_1_52230_20210906_212532.csv to original_smhi-opendata_1_52230_20210906_212532.csv
[2024-09-28T13:54:22+02:00 Cleaner]: Copying input file /home/ad6224sh/git/MNXB11-BASH/casestudy/data/smhi-opendata_1_52230_20210906_212532.csv to original_smhi-opendata_1_52230_20210906_212532.csv
[2024-09-28T13:54:22+02:00 Cleaner]: Finding the first line containing 'Datum'...
[2024-09-28T13:54:23+02:00 Cleaner]: Found line 10
[2024-09-28T13:54:23+02:00 Cleaner]: Perform cleanup in one line, result in baredata_smhi-opendata_1_52230_20210906_212532.csv
[2024-09-28T13:55:25+02:00 Cleaner]: Copying input file /home/ad6224sh/git/MNXB11-BASH/casestudy/data/smhi-opendata_1_52230_20210906_212532.csv to original_smhi-opendata_1_52230_20210906_212532.csv
[2024-09-28T13:55:25+02:00 Cleaner]: Finding the first line containing 'Datum'...
[2024-09-28T13:55:25+02:00 Cleaner]: Found line 10
[2024-09-28T13:55:25+02:00 Cleaner]: Perform cleanup in one line, result in baredata_smhi-opendata_1_52230_20210906_212532.csv
[2024-09-28T13:56:02+02:00 Cleaner]: Copying input file /home/ad6224sh/git/MNXB11-BASH/casestudy/data/smhi-opendata_1_52230_20210906_212532.csv to original_smhi-opendata_1_52230_20210906_212532.csv
[2024-09-28T13:56:02+02:00 Cleaner]: Finding the first line containing 'Datum'...
[2024-09-28T13:56:02+02:00 Cleaner]: Found line 10
[2024-09-28T13:56:02+02:00 Cleaner]: Perform cleanup in one line, result in baredata_smhi-opendata_1_52230_20210906_212532.csv
[2024-09-28T13:57:19+02:00 Cleaner]: Copying input file /home/ad6224sh/git/MNXB11-BASH/casestudy/data/smhi-opendata_1_52230_20210906_212532.csv to original_smhi-opendata_1_52230_20210906_212532.csv
[2024-09-28T13:57:19+02:00 Cleaner]: Finding the first line containing 'Datum'...
[2024-09-28T13:57:19+02:00 Cleaner]: Found line 10
[2024-09-28T13:57:19+02:00 Cleaner]: Perform cleanup in one line, result in baredata_smhi-opendata_1_52230_20210906_212532.csv
[2024-09-28T13:59:23+02:00 Cleaner]: Copying input file /home/ad6224sh/git/MNXB11-BASH/casestudy/data/smhi-opendata_1_52230_20210906_212532.csv to original_smhi-opendata_1_52230_20210906_212532.csv
[2024-09-28T13:59:23+02:00 Cleaner]: Finding the first line containing 'Datum'...
[2024-09-28T13:59:23+02:00 Cleaner]: Found line 10
[2024-09-28T13:59:23+02:00 Cleaner]: Perform cleanup in one line, result in baredata_smhi-opendata_1_52230_20210906_212532.csv
[2024-09-28T13:59:45+02:00 Cleaner]: Copying input file /home/ad6224sh/git/MNXB11-BASH/casestudy/data/smhi-opendata_1_52230_20210906_212532.csv to original_smhi-opendata_1_52230_20210906_212532.csv
[2024-09-28T13:59:45+02:00 Cleaner]: Finding the first line containing 'Datum'...
[2024-09-28T13:59:45+02:00 Cleaner]: Found line 10
[2024-09-28T13:59:45+02:00 Cleaner]: Perform cleanup in one line, result in baredata_smhi-opendata_1_52230_20210906_212532.csv
[2024-09-28T14:01:38+02:00 Cleaner]: Copying input file /home/ad6224sh/git/MNXB11-BASH/casestudy/data/smhi-opendata_1_52230_20210906_212532.csv to original_smhi-opendata_1_52230_20210906_212532.csv
[2024-09-28T14:01:38+02:00 Cleaner]: Finding the first line containing 'Datum'...
[2024-09-28T14:01:38+02:00 Cleaner]: Found line 10
[2024-09-28T14:01:38+02:00 Cleaner]: Perform cleanup in one line, result in baredata_smhi-opendata_1_52230_20210906_212532.csv
[2024-09-28T14:02:00+02:00 Cleaner]: Copying input file /home/ad6224sh/git/MNXB11-BASH/casestudy/data/smhi-opendata_1_52230_20210906_212532.csv to original_smhi-opendata_1_52230_20210906_212532.csv
[2024-09-28T14:02:00+02:00 Cleaner]: Finding the first line containing 'Datum'...
[2024-09-28T14:02:00+02:00 Cleaner]: Found line 10
[2024-09-28T14:02:00+02:00 Cleaner]: Perform cleanup in one line, result in baredata_smhi-opendata_1_52230_20210906_212532.csv
[2024-09-28T14:13:56+02:00 Cleaner]: Copying input file /home/ad6224sh/git/MNXB11-BASH/casestudy/data/smhi-opendata_1_52230_20210906_212532.csv to original_smhi-opendata_1_52230_20210906_212532.csv
[2024-09-28T14:13:56+02:00 Cleaner]: Finding the first line containing 'Datum'...
[2024-09-28T14:13:56+02:00 Cleaner]: Found line 10
[2024-09-28T14:13:56+02:00 Cleaner]: Perform cleanup in one line, result in baredata_smhi-opendata_1_52230_20210906_212532.csv
[2024-09-28T14:15:09+02:00 Cleaner]: Copying input file /home/ad6224sh/git/MNXB11-BASH/casestudy/data/smhi-opendata_1_52230_20210906_212532.csv to original_smhi-opendata_1_52230_20210906_212532.csv
[2024-09-28T14:15:09+02:00 Cleaner]: Finding the first line containing 'Datum'...
[2024-09-28T14:15:09+02:00 Cleaner]: Found line 10
[2024-09-28T14:15:09+02:00 Cleaner]: Perform cleanup in one line, result in baredata_smhi-opendata_1_52230_20210906_212532.csv
[2024-09-28T14:16:58+02:00 Cleaner]: Copying input file /home/ad6224sh/git/MNXB11-BASH/casestudy/data/smhi-opendata_1_52230_20210906_212532.csv to original_smhi-opendata_1_52230_20210906_212532.csv
[2024-09-28T14:16:58+02:00 Cleaner]: Finding the first line containing 'Datum'...
[2024-09-28T14:16:58+02:00 Cleaner]: Found line 10
[2024-09-28T14:16:58+02:00 Cleaner]: Perform cleanup in one line, result in baredata_smhi-opendata_1_52230_20210906_212532.csv
[2024-09-28T14:21:12+02:00 Cleaner]: Copying input file /home/ad6224sh/git/MNXB11-BASH/casestudy/data/smhi-opendata_1_52230_20210906_212532.csv to original_smhi-opendata_1_52230_20210906_212532.csv
[2024-09-28T14:21:12+02:00 Cleaner]: Finding the first line containing 'Datum'...
[2024-09-28T14:21:12+02:00 Cleaner]: Found line 10
[2024-09-28T14:21:12+02:00 Cleaner]: Perform cleanup in one line, result in baredata_smhi-opendata_1_52230_20210906_212532.csv
